<?xml version="1.0" encoding="UTF-8"?><testsuite errors="1" failures="0" name="Reserve in the booking.com" skipped="0" tests="1" time="189.93" timestamp="2024-10-22 11:32:57"><testcase name="User reserve in the platform"><error message="Expected condition failed: waiting for visibility of By.xpath: //button[@aria-label='Ignorar información sobre el inicio de sesión.'] (tried for 180 second(s) with 500 milliseconds interval)" type="org.openqa.selenium.TimeoutException">Expected condition failed: waiting for visibility of By.xpath: //button[@aria-label='Ignorar información sobre el inicio de sesión.'] (tried for 180 second(s) with 500 milliseconds interval)</error><system-err>Expected condition failed: waiting for visibility of By.xpath: //button[@aria-label='Ignorar información sobre el inicio de sesión.'] (tried for 180 second(s) with 500 milliseconds interval)&#13;
interactions.WaitElement.performAs(WaitElement.java:26)&#13;
task.TaskEnterInformation.performAs(TaskEnterInformation.java:34)&#13;
stepdefinitions.ReserveStepsDefinitions.theUserEnterTheInformation(ReserveStepsDefinitions.java:51)&#13;
cucumber.runner.Runner.runPickle(Runner.java:80)&#13;
worker.org.gradle.process.internal.worker.GradleWorkerMain.run(GradleWorkerMain.java:69)&#13;
worker.org.gradle.process.internal.worker.GradleWorkerMain.main(GradleWorkerMain.java:74)&#13;
</system-err></testcase></testsuite>