<?xml version="1.0" encoding="UTF-8"?><testsuite errors="1" failures="0" name="Reserve in the booking.com" skipped="0" tests="1" time="5.8" timestamp="2024-10-21 03:19:03"><testcase name="User reserve in the platform"><error message="Could not instantiate class org.openqa.selenium.chrome.ChromeDriver" type="net.thucydides.core.webdriver.DriverConfigurationError">Could not instantiate class org.openqa.selenium.chrome.ChromeDriver</error><system-err>Could not instantiate class org.openqa.selenium.chrome.ChromeDriver&#13;
stepdefinitions.ReserveStepsDefinitions.theUserAccessInThePlatform(ReserveStepsDefinitions.java:38)&#13;
cucumber.runner.Runner.runPickle(Runner.java:80)&#13;
worker.org.gradle.process.internal.worker.GradleWorkerMain.run(GradleWorkerMain.java:69)&#13;
worker.org.gradle.process.internal.worker.GradleWorkerMain.main(GradleWorkerMain.java:74)&#13;
</system-err></testcase></testsuite>